服务器   2014-09-14 17:22:04
nihaoma
服务器   2014-09-14 17:33:53

客户端    2014-09-14 17:33:53
nihao
服务器   2014-09-14 17:34:32
nishishei
服务器   2014-09-14 17:36:18

客户端    2014-09-14 17:36:18
你好吗
服务器   2014-09-14 17:37:26

客户端    2014-09-14 17:37:26
你好吗？
服务器   2014-09-14 17:37:40
很好
服务器   2014-09-14 17:39:36

客户端    2014-09-14 17:39:36
你是谁
服务器   2014-09-14 17:39:43
我是
客户端    2014-09-14 17:49:42
你是谁
客户端    2014-09-14 17:50:07
你到底是谁
服务器   2014-09-14 17:50:15
 我不知道
服务器   2014-09-14 17:50:35
你好呀
客户端    2014-09-14 17:50:43
我很不好
